<?xml version="1.0" encoding="UTF-8"?>
<testsuite xmlns:xsi="http://www.w3.org/2001/XMLSchema-instance" xsi:noNamespaceSchemaLocation="https://maven.apache.org/surefire/maven-surefire-plugin/xsd/surefire-test-report-3.0.xsd" version="3.0" name="TestSuite" time="34.158" tests="27" errors="0" skipped="0" failures="0">
  <properties>
[...]
</properties>
  <testcase name="testAddressBookAddAddressBook" classname="tests.AddressBookAddAddressBookTest" time="0.933">
    <system-err><![CDATA[ChromeDriver was started successfully.
]]></system-err>
  </testcase>
  <testcase name="testAddressBookSearchAddressBookName" classname="tests.AddressBookSearchAddressBookNameTest" time="0.327">
    <system-err><![CDATA[ChromeDriver was started successfully.
]]></system-err>
  </testcase>
  <testcase name="testAddressBookSearchAddressBookEmail" classname="tests.AddressBookSearchAddressBookEmailTest" time="0.3">
    <system-err><![CDATA[ChromeDriver was started successfully.
]]></system-err>
  </testcase>
  <testcase name="testAddressBookAddGroup" classname="tests.AddressBookAddGroupTest" time="0.558">
    <system-err><![CDATA[ChromeDriver was started successfully.
]]></system-err>
  </testcase>
  <testcase name="testAddressBookAssignToGroup" classname="tests.AddressBookAssignToGroupTest" time="0.256">
    <system-err><![CDATA[ChromeDriver was started successfully.
]]></system-err>
  </testcase>
  <testcase name="testAddressBookSearchByGroup" classname="tests.AddressBookSearchByGroupTest" time="0.304">
    <system-err><![CDATA[ChromeDriver was started successfully.
]]></system-err>
  </testcase>
  <testcase name="testAddressBookCheckBirthdayInfo" classname="tests.AddressBookCheckBirthdayInfoTest" time="0.285">
    <system-err><![CDATA[ChromeDriver was started successfully.
]]></system-err>
  </testcase>
  <testcase name="testAddressBookCheckAddressBook" classname="tests.AddressBookCheckAddressBookTest" time="0.248">
    <system-err><![CDATA[ChromeDriver was started successfully.
]]></system-err>
  </testcase>
  <testcase name="testAddressBookPrintAddressBook" classname="tests.AddressBookPrintAddressBookTest" time="0.301">
    <system-err><![CDATA[ChromeDriver was started successfully.
]]></system-err>
  </testcase>
  <testcase name="testAddressBookEditAddressBook" classname="tests.AddressBookEditAddressBookTest" time="0.468">
    <system-err><![CDATA[ChromeDriver was started successfully.
]]></system-err>
  </testcase>
  <testcase name="testAddressBookEditGroup" classname="tests.AddressBookEditGroupTest" time="0.539">
    <system-err><![CDATA[ChromeDriver was started successfully.
]]></system-err>
  </testcase>
  <testcase name="testAddressBookRemoveFromGroup" classname="tests.AddressBookRemoveFromGroupTest" time="0.333">
    <system-err><![CDATA[ChromeDriver was started successfully.
]]></system-err>
  </testcase>
  <testcase name="testAddressBookRemoveGroup" classname="tests.AddressBookRemoveGroupTest" time="0.3">
    <system-err><![CDATA[ChromeDriver was started successfully.
]]></system-err>
  </testcase>
  <testcase name="testAddressBookRemoveAddressBook" classname="tests.AddressBookRemoveAddressBookTest" time="1.313">
    <system-err><![CDATA[ChromeDriver was started successfully.
]]></system-err>
  </testcase>
  <testcase name="testAddressBookAddMultipleAddressBook" classname="tests.AddressBookAddMultipleAddressBookTest" time="2.601">
    <system-err><![CDATA[ChromeDriver was started successfully.
]]></system-err>
  </testcase>
  <testcase name="testAddressBookSearchMultipleAddressBookName" classname="tests.AddressBookSearchMultipleAddressBookNameTest" time="0.689">
    <system-err><![CDATA[ChromeDriver was started successfully.
]]></system-err>
  </testcase>
  <testcase name="testAddressBookAddMultipleGroups" classname="tests.AddressBookAddMultipleGroupsTest" time="1.216">
    <system-err><![CDATA[ChromeDriver was started successfully.
]]></system-err>
  </testcase>
  <testcase name="testAddressBookAssignToMultipleGroups" classname="tests.AddressBookAssignToMultipleGroupsTest" time="2.731">
    <system-err><![CDATA[ChromeDriver was started successfully.
]]></system-err>
  </testcase>
  <testcase name="testAddressBookSearchByMultipleGroups" classname="tests.AddressBookSearchByMultipleGroupsTest" time="0.484">
    <system-err><![CDATA[ChromeDriver was started successfully.
]]></system-err>
  </testcase>
  <testcase name="testAddressBookCheckMultipleBirthdaysInfo" classname="tests.AddressBookCheckMultipleBirthdaysInfoTest" time="0.448">
    <system-err><![CDATA[ChromeDriver was started successfully.
]]></system-err>
  </testcase>
  <testcase name="testAddressBookCheckMultipleAddressBook" classname="tests.AddressBookCheckMultipleAddressBookTest" time="0.31">
    <system-err><![CDATA[ChromeDriver was started successfully.
]]></system-err>
  </testcase>
  <testcase name="testAddressBookPrintMultipleAddressBook" classname="tests.AddressBookPrintMultipleAddressBookTest" time="0.478">
    <system-err><![CDATA[ChromeDriver was started successfully.
]]></system-err>
  </testcase>
  <testcase name="testAddressBookEditMultipleAddressBook" classname="tests.AddressBookEditMultipleAddressBookTest" time="1.223">
    <system-err><![CDATA[ChromeDriver was started successfully.
]]></system-err>
  </testcase>
  <testcase name="testAddressBookEditMultipleGroups" classname="tests.AddressBookEditMultipleGroupsTest" time="2.665">
    <system-err><![CDATA[ChromeDriver was started successfully.
]]></system-err>
  </testcase>
  <testcase name="testAddressBookRemoveFromMultipleGroups" classname="tests.AddressBookRemoveFromMultipleGroupsTest" time="4.07">
    <system-err><![CDATA[ChromeDriver was started successfully.
]]></system-err>
  </testcase>
  <testcase name="testAddressBookRemoveMultipleGroups" classname="tests.AddressBookRemoveMultipleGroupsTest" time="0.473">
    <system-err><![CDATA[ChromeDriver was started successfully.
]]></system-err>
  </testcase>
  <testcase name="testAddressBookRemoveMultipleAddressBook" classname="tests.AddressBookRemoveMultipleAddressBookTest" time="3.712">
    <system-err><![CDATA[ChromeDriver was started successfully.
]]></system-err>
  </testcase>
</testsuite>