<?xml version="1.0" encoding="UTF-8"?>
<testng-results ignored="0" total="27" passed="27" failed="0" skipped="0">
  <reporter-output>
  </reporter-output>
  <suite started-at="2023-07-31T15:29:20 BRT" name="Suite" finished-at="2023-07-31T15:29:54 BRT" duration-ms="33699">
    <groups>
    </groups>
    <test started-at="2023-07-31T15:29:20 BRT" name="Test" finished-at="2023-07-31T15:29:54 BRT" duration-ms="33699">
      <class name="tests.AddressBookAssignToGroupTest">
        <test-method is-config="true" signature="setUp(java.lang.String)[pri:0, instance:tests.AddressBookAssignToGroupTest@6b419da]" started-at="2023-07-31T15:29:23 BRT" name="setUp" finished-at="2023-07-31T15:29:24 BRT" duration-ms="146" status="PASS">
          <params>
            <param index="0">
              <value>
                <![CDATA[3000]]>
              </value>
            </param>
          </params>
          <reporter-output>
          </reporter-output>
        </test-method> <!-- setUp -->
        <test-method signature="testAddressBookAssignToGroup()[pri:0, instance:tests.AddressBookAssignToGroupTest@6b419da]" started-at="2023-07-31T15:29:24 BRT" name="testAddressBookAssignToGroup" finished-at="2023-07-31T15:29:24 BRT" duration-ms="256" status="PASS">
          <reporter-output>
          </reporter-output>
        </test-method> <!-- testAddressBookAssignToGroup -->
        <test-method is-config="true" signature="tearDown()[pri:0, instance:tests.AddressBookAssignToGroupTest@6b419da]" started-at="2023-07-31T15:29:24 BRT" name="tearDown" finished-at="2023-07-31T15:29:24 BRT" duration-ms="64" status="PASS">
          <reporter-output>
          </reporter-output>
        </test-method> <!-- tearDown -->
      </class> <!-- tests.AddressBookAssignToGroupTest -->
      <class name="tests.AddressBookEditMultipleAddressBookTest">
        <test-method is-config="true" signature="setUp(java.lang.String)[pri:0, instance:tests.AddressBookEditMultipleAddressBookTest@3b2cf7ab]" started-at="2023-07-31T15:29:40 BRT" name="setUp" finished-at="2023-07-31T15:29:41 BRT" duration-ms="132" status="PASS">
          <params>
            <param index="0">
              <value>
                <![CDATA[3000]]>
              </value>
            </param>
          </params>
          <reporter-output>
          </reporter-output>
        </test-method> <!-- setUp -->
        <test-method signature="testAddressBookEditMultipleAddressBook()[pri:0, instance:tests.AddressBookEditMultipleAddressBookTest@3b2cf7ab]" started-at="2023-07-31T15:29:41 BRT" name="testAddressBookEditMultipleAddressBook" finished-at="2023-07-31T15:29:42 BRT" duration-ms="1224" status="PASS">
          <reporter-output>
          </reporter-output>
        </test-method> <!-- testAddressBookEditMultipleAddressBook -->
        <test-method is-config="true" signature="tearDown()[pri:0, instance:tests.AddressBookEditMultipleAddressBookTest@3b2cf7ab]" started-at="2023-07-31T15:29:42 BRT" name="tearDown" finished-at="2023-07-31T15:29:42 BRT" duration-ms="65" status="PASS">
          <reporter-output>
          </reporter-output>
        </test-method> <!-- tearDown -->
      </class> <!-- tests.AddressBookEditMultipleAddressBookTest -->
      <class name="tests.AddressBookPrintMultipleAddressBookTest">
        <test-method is-config="true" signature="setUp(java.lang.String)[pri:0, instance:tests.AddressBookPrintMultipleAddressBookTest@3a079870]" started-at="2023-07-31T15:29:40 BRT" name="setUp" finished-at="2023-07-31T15:29:40 BRT" duration-ms="135" status="PASS">
          <params>
            <param index="0">
              <value>
                <![CDATA[3000]]>
              </value>
            </param>
          </params>
          <reporter-output>
          </reporter-output>
        </test-method> <!-- setUp -->
        <test-method signature="testAddressBookPrintMultipleAddressBook()[pri:0, instance:tests.AddressBookPrintMultipleAddressBookTest@3a079870]" started-at="2023-07-31T15:29:40 BRT" name="testAddressBookPrintMultipleAddressBook" finished-at="2023-07-31T15:29:40 BRT" duration-ms="478" status="PASS">
          <reporter-output>
          </reporter-output>
        </test-method> <!-- testAddressBookPrintMultipleAddressBook -->
        <test-method is-config="true" signature="tearDown()[pri:0, instance:tests.AddressBookPrintMultipleAddressBookTest@3a079870]" started-at="2023-07-31T15:29:40 BRT" name="tearDown" finished-at="2023-07-31T15:29:40 BRT" duration-ms="65" status="PASS">
          <reporter-output>
          </reporter-output>
        </test-method> <!-- tearDown -->
      </class> <!-- tests.AddressBookPrintMultipleAddressBookTest -->
      <class name="tests.AddressBookSearchAddressBookNameTest">
        <test-method is-config="true" signature="setUp(java.lang.String)[pri:0, instance:tests.AddressBookSearchAddressBookNameTest@1a84f40f]" started-at="2023-07-31T15:29:22 BRT" name="setUp" finished-at="2023-07-31T15:29:22 BRT" duration-ms="176" status="PASS">
          <params>
            <param index="0">
              <value>
                <![CDATA[3000]]>
              </value>
            </param>
          </params>
          <reporter-output>
          </reporter-output>
        </test-method> <!-- setUp -->
        <test-method signature="testAddressBookSearchAddressBookName()[pri:0, instance:tests.AddressBookSearchAddressBookNameTest@1a84f40f]" started-at="2023-07-31T15:29:22 BRT" name="testAddressBookSearchAddressBookName" finished-at="2023-07-31T15:29:22 BRT" duration-ms="327" status="PASS">
          <reporter-output>
          </reporter-output>
        </test-method> <!-- testAddressBookSearchAddressBookName -->
        <test-method is-config="true" signature="tearDown()[pri:0, instance:tests.AddressBookSearchAddressBookNameTest@1a84f40f]" started-at="2023-07-31T15:29:22 BRT" name="tearDown" finished-at="2023-07-31T15:29:22 BRT" duration-ms="64" status="PASS">
          <reporter-output>
          </reporter-output>
        </test-method> <!-- tearDown -->
      </class> <!-- tests.AddressBookSearchAddressBookNameTest -->
      <class name="tests.AddressBookRemoveFromMultipleGroupsTest">
        <test-method is-config="true" signature="setUp(java.lang.String)[pri:0, instance:tests.AddressBookRemoveFromMultipleGroupsTest@5c1a8622]" started-at="2023-07-31T15:29:45 BRT" name="setUp" finished-at="2023-07-31T15:29:45 BRT" duration-ms="133" status="PASS">
          <params>
            <param index="0">
              <value>
                <![CDATA[3000]]>
              </value>
            </param>
          </params>
          <reporter-output>
          </reporter-output>
        </test-method> <!-- setUp -->
        <test-method signature="testAddressBookRemoveFromMultipleGroups()[pri:0, instance:tests.AddressBookRemoveFromMultipleGroupsTest@5c1a8622]" started-at="2023-07-31T15:29:45 BRT" name="testAddressBookRemoveFromMultipleGroups" finished-at="2023-07-31T15:29:49 BRT" duration-ms="4071" status="PASS">
          <reporter-output>
          </reporter-output>
        </test-method> <!-- testAddressBookRemoveFromMultipleGroups -->
        <test-method is-config="true" signature="tearDown()[pri:0, instance:tests.AddressBookRemoveFromMultipleGroupsTest@5c1a8622]" started-at="2023-07-31T15:29:49 BRT" name="tearDown" finished-at="2023-07-31T15:29:49 BRT" duration-ms="66" status="PASS">
          <reporter-output>
          </reporter-output>
        </test-method> <!-- tearDown -->
      </class> <!-- tests.AddressBookRemoveFromMultipleGroupsTest -->
      <class name="tests.AddressBookSearchAddressBookEmailTest">
        <test-method is-config="true" signature="setUp(java.lang.String)[pri:0, instance:tests.AddressBookSearchAddressBookEmailTest@23282c25]" started-at="2023-07-31T15:29:22 BRT" name="setUp" finished-at="2023-07-31T15:29:22 BRT" duration-ms="148" status="PASS">
          <params>
            <param index="0">
              <value>
                <![CDATA[3000]]>
              </value>
            </param>
          </params>
          <reporter-output>
          </reporter-output>
        </test-method> <!-- setUp -->
        <test-method signature="testAddressBookSearchAddressBookEmail()[pri:0, instance:tests.AddressBookSearchAddressBookEmailTest@23282c25]" started-at="2023-07-31T15:29:22 BRT" name="testAddressBookSearchAddressBookEmail" finished-at="2023-07-31T15:29:23 BRT" duration-ms="299" status="PASS">
          <reporter-output>
          </reporter-output>
        </test-method> <!-- testAddressBookSearchAddressBookEmail -->
        <test-method is-config="true" signature="tearDown()[pri:0, instance:tests.AddressBookSearchAddressBookEmailTest@23282c25]" started-at="2023-07-31T15:29:23 BRT" name="tearDown" finished-at="2023-07-31T15:29:23 BRT" duration-ms="64" status="PASS">
          <reporter-output>
          </reporter-output>
        </test-method> <!-- tearDown -->
      </class> <!-- tests.AddressBookSearchAddressBookEmailTest -->
      <class name="tests.AddressBookRemoveMultipleGroupsTest">
        <test-method is-config="true" signature="setUp(java.lang.String)[pri:0, instance:tests.AddressBookRemoveMultipleGroupsTest@5ad851c9]" started-at="2023-07-31T15:29:49 BRT" name="setUp" finished-at="2023-07-31T15:29:49 BRT" duration-ms="166" status="PASS">
          <params>
            <param index="0">
              <value>
                <![CDATA[3000]]>
              </value>
            </param>
          </params>
          <reporter-output>
          </reporter-output>
        </test-method> <!-- setUp -->
        <test-method signature="testAddressBookRemoveMultipleGroups()[pri:0, instance:tests.AddressBookRemoveMultipleGroupsTest@5ad851c9]" started-at="2023-07-31T15:29:49 BRT" name="testAddressBookRemoveMultipleGroups" finished-at="2023-07-31T15:29:50 BRT" duration-ms="474" status="PASS">
          <reporter-output>
          </reporter-output>
        </test-method> <!-- testAddressBookRemoveMultipleGroups -->
        <test-method is-config="true" signature="tearDown()[pri:0, instance:tests.AddressBookRemoveMultipleGroupsTest@5ad851c9]" started-at="2023-07-31T15:29:50 BRT" name="tearDown" finished-at="2023-07-31T15:29:50 BRT" duration-ms="65" status="PASS">
          <reporter-output>
          </reporter-output>
        </test-method> <!-- tearDown -->
      </class> <!-- tests.AddressBookRemoveMultipleGroupsTest -->
      <class name="tests.AddressBookAddGroupTest">
        <test-method is-config="true" signature="setUp(java.lang.String)[pri:0, instance:tests.AddressBookAddGroupTest@7920ba90]" started-at="2023-07-31T15:29:23 BRT" name="setUp" finished-at="2023-07-31T15:29:23 BRT" duration-ms="144" status="PASS">
          <params>
            <param index="0">
              <value>
                <![CDATA[3000]]>
              </value>
            </param>
          </params>
          <reporter-output>
          </reporter-output>
        </test-method> <!-- setUp -->
        <test-method signature="testAddressBookAddGroup()[pri:0, instance:tests.AddressBookAddGroupTest@7920ba90]" started-at="2023-07-31T15:29:23 BRT" name="testAddressBookAddGroup" finished-at="2023-07-31T15:29:23 BRT" duration-ms="558" status="PASS">
          <reporter-output>
          </reporter-output>
        </test-method> <!-- testAddressBookAddGroup -->
        <test-method is-config="true" signature="tearDown()[pri:0, instance:tests.AddressBookAddGroupTest@7920ba90]" started-at="2023-07-31T15:29:23 BRT" name="tearDown" finished-at="2023-07-31T15:29:23 BRT" duration-ms="65" status="PASS">
          <reporter-output>
          </reporter-output>
        </test-method> <!-- tearDown -->
      </class> <!-- tests.AddressBookAddGroupTest -->
      <class name="tests.AddressBookCheckMultipleBirthdaysInfoTest">
        <test-method is-config="true" signature="setUp(java.lang.String)[pri:0, instance:tests.AddressBookCheckMultipleBirthdaysInfoTest@436a4e4b]" started-at="2023-07-31T15:29:39 BRT" name="setUp" finished-at="2023-07-31T15:29:39 BRT" duration-ms="132" status="PASS">
          <params>
            <param index="0">
              <value>
                <![CDATA[3000]]>
              </value>
            </param>
          </params>
          <reporter-output>
          </reporter-output>
        </test-method> <!-- setUp -->
        <test-method signature="testAddressBookCheckMultipleBirthdaysInfo()[pri:0, instance:tests.AddressBookCheckMultipleBirthdaysInfoTest@436a4e4b]" started-at="2023-07-31T15:29:39 BRT" name="testAddressBookCheckMultipleBirthdaysInfo" finished-at="2023-07-31T15:29:39 BRT" duration-ms="448" status="PASS">
          <reporter-output>
          </reporter-output>
        </test-method> <!-- testAddressBookCheckMultipleBirthdaysInfo -->
        <test-method is-config="true" signature="tearDown()[pri:0, instance:tests.AddressBookCheckMultipleBirthdaysInfoTest@436a4e4b]" started-at="2023-07-31T15:29:39 BRT" name="tearDown" finished-at="2023-07-31T15:29:39 BRT" duration-ms="65" status="PASS">
          <reporter-output>
          </reporter-output>
        </test-method> <!-- tearDown -->
      </class> <!-- tests.AddressBookCheckMultipleBirthdaysInfoTest -->
      <class name="tests.AddressBookSearchByGroupTest">
        <test-method is-config="true" signature="setUp(java.lang.String)[pri:0, instance:tests.AddressBookSearchByGroupTest@3b2da18f]" started-at="2023-07-31T15:29:24 BRT" name="setUp" finished-at="2023-07-31T15:29:24 BRT" duration-ms="137" status="PASS">
          <params>
            <param index="0">
              <value>
                <![CDATA[3000]]>
              </value>
            </param>
          </params>
          <reporter-output>
          </reporter-output>
        </test-method> <!-- setUp -->
        <test-method signature="testAddressBookSearchByGroup()[pri:0, instance:tests.AddressBookSearchByGroupTest@3b2da18f]" started-at="2023-07-31T15:29:24 BRT" name="testAddressBookSearchByGroup" finished-at="2023-07-31T15:29:24 BRT" duration-ms="304" status="PASS">
          <reporter-output>
          </reporter-output>
        </test-method> <!-- testAddressBookSearchByGroup -->
        <test-method is-config="true" signature="tearDown()[pri:0, instance:tests.AddressBookSearchByGroupTest@3b2da18f]" started-at="2023-07-31T15:29:24 BRT" name="tearDown" finished-at="2023-07-31T15:29:24 BRT" duration-ms="66" status="PASS">
          <reporter-output>
          </reporter-output>
        </test-method> <!-- tearDown -->
      </class> <!-- tests.AddressBookSearchByGroupTest -->
      <class name="tests.AddressBookCheckBirthdayInfoTest">
        <test-method is-config="true" signature="setUp(java.lang.String)[pri:0, instance:tests.AddressBookCheckBirthdayInfoTest@5906ebcb]" started-at="2023-07-31T15:29:24 BRT" name="setUp" finished-at="2023-07-31T15:29:25 BRT" duration-ms="141" status="PASS">
          <params>
            <param index="0">
              <value>
                <![CDATA[3000]]>
              </value>
            </param>
          </params>
          <reporter-output>
          </reporter-output>
        </test-method> <!-- setUp -->
        <test-method signature="testAddressBookCheckBirthdayInfo()[pri:0, instance:tests.AddressBookCheckBirthdayInfoTest@5906ebcb]" started-at="2023-07-31T15:29:25 BRT" name="testAddressBookCheckBirthdayInfo" finished-at="2023-07-31T15:29:25 BRT" duration-ms="285" status="PASS">
          <reporter-output>
          </reporter-output>
        </test-method> <!-- testAddressBookCheckBirthdayInfo -->
        <test-method is-config="true" signature="tearDown()[pri:0, instance:tests.AddressBookCheckBirthdayInfoTest@5906ebcb]" started-at="2023-07-31T15:29:25 BRT" name="tearDown" finished-at="2023-07-31T15:29:25 BRT" duration-ms="65" status="PASS">
          <reporter-output>
          </reporter-output>
        </test-method> <!-- tearDown -->
      </class> <!-- tests.AddressBookCheckBirthdayInfoTest -->
      <class name="tests.AddressBookEditGroupTest">
        <test-method is-config="true" signature="setUp(java.lang.String)[pri:0, instance:tests.AddressBookEditGroupTest@3b938003]" started-at="2023-07-31T15:29:26 BRT" name="setUp" finished-at="2023-07-31T15:29:27 BRT" duration-ms="136" status="PASS">
          <params>
            <param index="0">
              <value>
                <![CDATA[3000]]>
              </value>
            </param>
          </params>
          <reporter-output>
          </reporter-output>
        </test-method> <!-- setUp -->
        <test-method signature="testAddressBookEditGroup()[pri:0, instance:tests.AddressBookEditGroupTest@3b938003]" started-at="2023-07-31T15:29:27 BRT" name="testAddressBookEditGroup" finished-at="2023-07-31T15:29:27 BRT" duration-ms="539" status="PASS">
          <reporter-output>
          </reporter-output>
        </test-method> <!-- testAddressBookEditGroup -->
        <test-method is-config="true" signature="tearDown()[pri:0, instance:tests.AddressBookEditGroupTest@3b938003]" started-at="2023-07-31T15:29:27 BRT" name="tearDown" finished-at="2023-07-31T15:29:27 BRT" duration-ms="66" status="PASS">
          <reporter-output>
          </reporter-output>
        </test-method> <!-- tearDown -->
      </class> <!-- tests.AddressBookEditGroupTest -->
      <class name="tests.AddressBookAddMultipleGroupsTest">
        <test-method is-config="true" signature="setUp(java.lang.String)[pri:0, instance:tests.AddressBookAddMultipleGroupsTest@6295d394]" started-at="2023-07-31T15:29:34 BRT" name="setUp" finished-at="2023-07-31T15:29:34 BRT" duration-ms="133" status="PASS">
          <params>
            <param index="0">
              <value>
                <![CDATA[3000]]>
              </value>
            </param>
          </params>
          <reporter-output>
          </reporter-output>
        </test-method> <!-- setUp -->
        <test-method signature="testAddressBookAddMultipleGroups()[pri:0, instance:tests.AddressBookAddMultipleGroupsTest@6295d394]" started-at="2023-07-31T15:29:34 BRT" name="testAddressBookAddMultipleGroups" finished-at="2023-07-31T15:29:35 BRT" duration-ms="1216" status="PASS">
          <reporter-output>
          </reporter-output>
        </test-method> <!-- testAddressBookAddMultipleGroups -->
        <test-method is-config="true" signature="tearDown()[pri:0, instance:tests.AddressBookAddMultipleGroupsTest@6295d394]" started-at="2023-07-31T15:29:35 BRT" name="tearDown" finished-at="2023-07-31T15:29:35 BRT" duration-ms="65" status="PASS">
          <reporter-output>
          </reporter-output>
        </test-method> <!-- tearDown -->
      </class> <!-- tests.AddressBookAddMultipleGroupsTest -->
      <class name="tests.AddressBookRemoveAddressBookTest">
        <test-method is-config="true" signature="setUp(java.lang.String)[pri:0, instance:tests.AddressBookRemoveAddressBookTest@6646153]" started-at="2023-07-31T15:29:28 BRT" name="setUp" finished-at="2023-07-31T15:29:28 BRT" duration-ms="148" status="PASS">
          <params>
            <param index="0">
              <value>
                <![CDATA[3000]]>
              </value>
            </param>
          </params>
          <reporter-output>
          </reporter-output>
        </test-method> <!-- setUp -->
        <test-method signature="testAddressBookRemoveAddressBook()[pri:0, instance:tests.AddressBookRemoveAddressBookTest@6646153]" started-at="2023-07-31T15:29:28 BRT" name="testAddressBookRemoveAddressBook" finished-at="2023-07-31T15:29:30 BRT" duration-ms="1314" status="PASS">
          <reporter-output>
          </reporter-output>
        </test-method> <!-- testAddressBookRemoveAddressBook -->
        <test-method is-config="true" signature="tearDown()[pri:0, instance:tests.AddressBookRemoveAddressBookTest@6646153]" started-at="2023-07-31T15:29:30 BRT" name="tearDown" finished-at="2023-07-31T15:29:30 BRT" duration-ms="66" status="PASS">
          <reporter-output>
          </reporter-output>
        </test-method> <!-- tearDown -->
      </class> <!-- tests.AddressBookRemoveAddressBookTest -->
      <class name="tests.AddressBookAssignToMultipleGroupsTest">
        <test-method is-config="true" signature="setUp(java.lang.String)[pri:0, instance:tests.AddressBookAssignToMultipleGroupsTest@475e586c]" started-at="2023-07-31T15:29:35 BRT" name="setUp" finished-at="2023-07-31T15:29:35 BRT" duration-ms="137" status="PASS">
          <params>
            <param index="0">
              <value>
                <![CDATA[3000]]>
              </value>
            </param>
          </params>
          <reporter-output>
          </reporter-output>
        </test-method> <!-- setUp -->
        <test-method signature="testAddressBookAssignToMultipleGroups()[pri:0, instance:tests.AddressBookAssignToMultipleGroupsTest@475e586c]" started-at="2023-07-31T15:29:35 BRT" name="testAddressBookAssignToMultipleGroups" finished-at="2023-07-31T15:29:38 BRT" duration-ms="2731" status="PASS">
          <reporter-output>
          </reporter-output>
        </test-method> <!-- testAddressBookAssignToMultipleGroups -->
        <test-method is-config="true" signature="tearDown()[pri:0, instance:tests.AddressBookAssignToMultipleGroupsTest@475e586c]" started-at="2023-07-31T15:29:38 BRT" name="tearDown" finished-at="2023-07-31T15:29:38 BRT" duration-ms="68" status="PASS">
          <reporter-output>
          </reporter-output>
        </test-method> <!-- tearDown -->
      </class> <!-- tests.AddressBookAssignToMultipleGroupsTest -->
      <class name="tests.AddressBookSearchMultipleAddressBookNameTest">
        <test-method is-config="true" signature="setUp(java.lang.String)[pri:0, instance:tests.AddressBookSearchMultipleAddressBookNameTest@143640d5]" started-at="2023-07-31T15:29:33 BRT" name="setUp" finished-at="2023-07-31T15:29:33 BRT" duration-ms="136" status="PASS">
          <params>
            <param index="0">
              <value>
                <![CDATA[3000]]>
              </value>
            </param>
          </params>
          <reporter-output>
          </reporter-output>
        </test-method> <!-- setUp -->
        <test-method signature="testAddressBookSearchMultipleAddressBookName()[pri:0, instance:tests.AddressBookSearchMultipleAddressBookNameTest@143640d5]" started-at="2023-07-31T15:29:33 BRT" name="testAddressBookSearchMultipleAddressBookName" finished-at="2023-07-31T15:29:33 BRT" duration-ms="690" status="PASS">
          <reporter-output>
          </reporter-output>
        </test-method> <!-- testAddressBookSearchMultipleAddressBookName -->
        <test-method is-config="true" signature="tearDown()[pri:0, instance:tests.AddressBookSearchMultipleAddressBookNameTest@143640d5]" started-at="2023-07-31T15:29:33 BRT" name="tearDown" finished-at="2023-07-31T15:29:34 BRT" duration-ms="65" status="PASS">
          <reporter-output>
          </reporter-output>
        </test-method> <!-- tearDown -->
      </class> <!-- tests.AddressBookSearchMultipleAddressBookNameTest -->
      <class name="tests.AddressBookPrintAddressBookTest">
        <test-method is-config="true" signature="setUp(java.lang.String)[pri:0, instance:tests.AddressBookPrintAddressBookTest@3d299e3]" started-at="2023-07-31T15:29:25 BRT" name="setUp" finished-at="2023-07-31T15:29:25 BRT" duration-ms="140" status="PASS">
          <params>
            <param index="0">
              <value>
                <![CDATA[3000]]>
              </value>
            </param>
          </params>
          <reporter-output>
          </reporter-output>
        </test-method> <!-- setUp -->
        <test-method signature="testAddressBookPrintAddressBook()[pri:0, instance:tests.AddressBookPrintAddressBookTest@3d299e3]" started-at="2023-07-31T15:29:25 BRT" name="testAddressBookPrintAddressBook" finished-at="2023-07-31T15:29:26 BRT" duration-ms="302" status="PASS">
          <reporter-output>
          </reporter-output>
        </test-method> <!-- testAddressBookPrintAddressBook -->
        <test-method is-config="true" signature="tearDown()[pri:0, instance:tests.AddressBookPrintAddressBookTest@3d299e3]" started-at="2023-07-31T15:29:26 BRT" name="tearDown" finished-at="2023-07-31T15:29:26 BRT" duration-ms="65" status="PASS">
          <reporter-output>
          </reporter-output>
        </test-method> <!-- tearDown -->
      </class> <!-- tests.AddressBookPrintAddressBookTest -->
      <class name="tests.AddressBookEditAddressBookTest">
        <test-method is-config="true" signature="setUp(java.lang.String)[pri:0, instance:tests.AddressBookEditAddressBookTest@55a561cf]" started-at="2023-07-31T15:29:26 BRT" name="setUp" finished-at="2023-07-31T15:29:26 BRT" duration-ms="139" status="PASS">
          <params>
            <param index="0">
              <value>
                <![CDATA[3000]]>
              </value>
            </param>
          </params>
          <reporter-output>
          </reporter-output>
        </test-method> <!-- setUp -->
        <test-method signature="testAddressBookEditAddressBook()[pri:0, instance:tests.AddressBookEditAddressBookTest@55a561cf]" started-at="2023-07-31T15:29:26 BRT" name="testAddressBookEditAddressBook" finished-at="2023-07-31T15:29:26 BRT" duration-ms="468" status="PASS">
          <reporter-output>
          </reporter-output>
        </test-method> <!-- testAddressBookEditAddressBook -->
        <test-method is-config="true" signature="tearDown()[pri:0, instance:tests.AddressBookEditAddressBookTest@55a561cf]" started-at="2023-07-31T15:29:26 BRT" name="tearDown" finished-at="2023-07-31T15:29:26 BRT" duration-ms="65" status="PASS">
          <reporter-output>
          </reporter-output>
        </test-method> <!-- tearDown -->
      </class> <!-- tests.AddressBookEditAddressBookTest -->
      <class name="tests.AddressBookRemoveGroupTest">
        <test-method is-config="true" signature="setUp(java.lang.String)[pri:0, instance:tests.AddressBookRemoveGroupTest@78b1cc93]" started-at="2023-07-31T15:29:28 BRT" name="setUp" finished-at="2023-07-31T15:29:28 BRT" duration-ms="141" status="PASS">
          <params>
            <param index="0">
              <value>
                <![CDATA[3000]]>
              </value>
            </param>
          </params>
          <reporter-output>
          </reporter-output>
        </test-method> <!-- setUp -->
        <test-method signature="testAddressBookRemoveGroup()[pri:0, instance:tests.AddressBookRemoveGroupTest@78b1cc93]" started-at="2023-07-31T15:29:28 BRT" name="testAddressBookRemoveGroup" finished-at="2023-07-31T15:29:28 BRT" duration-ms="301" status="PASS">
          <reporter-output>
          </reporter-output>
        </test-method> <!-- testAddressBookRemoveGroup -->
        <test-method is-config="true" signature="tearDown()[pri:0, instance:tests.AddressBookRemoveGroupTest@78b1cc93]" started-at="2023-07-31T15:29:28 BRT" name="tearDown" finished-at="2023-07-31T15:29:28 BRT" duration-ms="65" status="PASS">
          <reporter-output>
          </reporter-output>
        </test-method> <!-- tearDown -->
      </class> <!-- tests.AddressBookRemoveGroupTest -->
      <class name="tests.AddressBookRemoveFromGroupTest">
        <test-method is-config="true" signature="setUp(java.lang.String)[pri:0, instance:tests.AddressBookRemoveFromGroupTest@6f3b5d16]" started-at="2023-07-31T15:29:27 BRT" name="setUp" finished-at="2023-07-31T15:29:27 BRT" duration-ms="141" status="PASS">
          <params>
            <param index="0">
              <value>
                <![CDATA[3000]]>
              </value>
            </param>
          </params>
          <reporter-output>
          </reporter-output>
        </test-method> <!-- setUp -->
        <test-method signature="testAddressBookRemoveFromGroup()[pri:0, instance:tests.AddressBookRemoveFromGroupTest@6f3b5d16]" started-at="2023-07-31T15:29:27 BRT" name="testAddressBookRemoveFromGroup" finished-at="2023-07-31T15:29:28 BRT" duration-ms="334" status="PASS">
          <reporter-output>
          </reporter-output>
        </test-method> <!-- testAddressBookRemoveFromGroup -->
        <test-method is-config="true" signature="tearDown()[pri:0, instance:tests.AddressBookRemoveFromGroupTest@6f3b5d16]" started-at="2023-07-31T15:29:28 BRT" name="tearDown" finished-at="2023-07-31T15:29:28 BRT" duration-ms="65" status="PASS">
          <reporter-output>
          </reporter-output>
        </test-method> <!-- tearDown -->
      </class> <!-- tests.AddressBookRemoveFromGroupTest -->
      <class name="tests.AddressBookAddAddressBookTest">
        <test-method is-config="true" signature="setUp(java.lang.String)[pri:0, instance:tests.AddressBookAddAddressBookTest@4b168fa9]" started-at="2023-07-31T15:29:20 BRT" name="setUp" finished-at="2023-07-31T15:29:21 BRT" duration-ms="603" status="PASS">
          <params>
            <param index="0">
              <value>
                <![CDATA[3000]]>
              </value>
            </param>
          </params>
          <reporter-output>
          </reporter-output>
        </test-method> <!-- setUp -->
        <test-method signature="testAddressBookAddAddressBook()[pri:0, instance:tests.AddressBookAddAddressBookTest@4b168fa9]" started-at="2023-07-31T15:29:21 BRT" name="testAddressBookAddAddressBook" finished-at="2023-07-31T15:29:21 BRT" duration-ms="933" status="PASS">
          <reporter-output>
          </reporter-output>
        </test-method> <!-- testAddressBookAddAddressBook -->
        <test-method is-config="true" signature="tearDown()[pri:0, instance:tests.AddressBookAddAddressBookTest@4b168fa9]" started-at="2023-07-31T15:29:21 BRT" name="tearDown" finished-at="2023-07-31T15:29:22 BRT" duration-ms="67" status="PASS">
          <reporter-output>
          </reporter-output>
        </test-method> <!-- tearDown -->
      </class> <!-- tests.AddressBookAddAddressBookTest -->
      <class name="tests.AddressBookSearchByMultipleGroupsTest">
        <test-method is-config="true" signature="setUp(java.lang.String)[pri:0, instance:tests.AddressBookSearchByMultipleGroupsTest@657c8ad9]" started-at="2023-07-31T15:29:38 BRT" name="setUp" finished-at="2023-07-31T15:29:38 BRT" duration-ms="140" status="PASS">
          <params>
            <param index="0">
              <value>
                <![CDATA[3000]]>
              </value>
            </param>
          </params>
          <reporter-output>
          </reporter-output>
        </test-method> <!-- setUp -->
        <test-method signature="testAddressBookSearchByMultipleGroups()[pri:0, instance:tests.AddressBookSearchByMultipleGroupsTest@657c8ad9]" started-at="2023-07-31T15:29:38 BRT" name="testAddressBookSearchByMultipleGroups" finished-at="2023-07-31T15:29:39 BRT" duration-ms="484" status="PASS">
          <reporter-output>
          </reporter-output>
        </test-method> <!-- testAddressBookSearchByMultipleGroups -->
        <test-method is-config="true" signature="tearDown()[pri:0, instance:tests.AddressBookSearchByMultipleGroupsTest@657c8ad9]" started-at="2023-07-31T15:29:39 BRT" name="tearDown" finished-at="2023-07-31T15:29:39 BRT" duration-ms="65" status="PASS">
          <reporter-output>
          </reporter-output>
        </test-method> <!-- tearDown -->
      </class> <!-- tests.AddressBookSearchByMultipleGroupsTest -->
      <class name="tests.AddressBookEditMultipleGroupsTest">
        <test-method is-config="true" signature="setUp(java.lang.String)[pri:0, instance:tests.AddressBookEditMultipleGroupsTest@2aa5fe93]" started-at="2023-07-31T15:29:42 BRT" name="setUp" finished-at="2023-07-31T15:29:42 BRT" duration-ms="163" status="PASS">
          <params>
            <param index="0">
              <value>
                <![CDATA[3000]]>
              </value>
            </param>
          </params>
          <reporter-output>
          </reporter-output>
        </test-method> <!-- setUp -->
        <test-method signature="testAddressBookEditMultipleGroups()[pri:0, instance:tests.AddressBookEditMultipleGroupsTest@2aa5fe93]" started-at="2023-07-31T15:29:42 BRT" name="testAddressBookEditMultipleGroups" finished-at="2023-07-31T15:29:45 BRT" duration-ms="2665" status="PASS">
          <reporter-output>
          </reporter-output>
        </test-method> <!-- testAddressBookEditMultipleGroups -->
        <test-method is-config="true" signature="tearDown()[pri:0, instance:tests.AddressBookEditMultipleGroupsTest@2aa5fe93]" started-at="2023-07-31T15:29:45 BRT" name="tearDown" finished-at="2023-07-31T15:29:45 BRT" duration-ms="65" status="PASS">
          <reporter-output>
          </reporter-output>
        </test-method> <!-- tearDown -->
      </class> <!-- tests.AddressBookEditMultipleGroupsTest -->
      <class name="tests.AddressBookRemoveMultipleAddressBookTest">
        <test-method is-config="true" signature="setUp(java.lang.String)[pri:0, instance:tests.AddressBookRemoveMultipleAddressBookTest@6156496]" started-at="2023-07-31T15:29:50 BRT" name="setUp" finished-at="2023-07-31T15:29:50 BRT" duration-ms="139" status="PASS">
          <params>
            <param index="0">
              <value>
                <![CDATA[3000]]>
              </value>
            </param>
          </params>
          <reporter-output>
          </reporter-output>
        </test-method> <!-- setUp -->
        <test-method signature="testAddressBookRemoveMultipleAddressBook()[pri:0, instance:tests.AddressBookRemoveMultipleAddressBookTest@6156496]" started-at="2023-07-31T15:29:50 BRT" name="testAddressBookRemoveMultipleAddressBook" finished-at="2023-07-31T15:29:54 BRT" duration-ms="3713" status="PASS">
          <reporter-output>
          </reporter-output>
        </test-method> <!-- testAddressBookRemoveMultipleAddressBook -->
        <test-method is-config="true" signature="tearDown()[pri:0, instance:tests.AddressBookRemoveMultipleAddressBookTest@6156496]" started-at="2023-07-31T15:29:54 BRT" name="tearDown" finished-at="2023-07-31T15:29:54 BRT" duration-ms="64" status="PASS">
          <reporter-output>
          </reporter-output>
        </test-method> <!-- tearDown -->
      </class> <!-- tests.AddressBookRemoveMultipleAddressBookTest -->
      <class name="tests.AddressBookAddMultipleAddressBookTest">
        <test-method is-config="true" signature="setUp(java.lang.String)[pri:0, instance:tests.AddressBookAddMultipleAddressBookTest@21507a04]" started-at="2023-07-31T15:29:30 BRT" name="setUp" finished-at="2023-07-31T15:29:30 BRT" duration-ms="169" status="PASS">
          <params>
            <param index="0">
              <value>
                <![CDATA[3000]]>
              </value>
            </param>
          </params>
          <reporter-output>
          </reporter-output>
        </test-method> <!-- setUp -->
        <test-method signature="testAddressBookAddMultipleAddressBook()[pri:0, instance:tests.AddressBookAddMultipleAddressBookTest@21507a04]" started-at="2023-07-31T15:29:30 BRT" name="testAddressBookAddMultipleAddressBook" finished-at="2023-07-31T15:29:33 BRT" duration-ms="2601" status="PASS">
          <reporter-output>
          </reporter-output>
        </test-method> <!-- testAddressBookAddMultipleAddressBook -->
        <test-method is-config="true" signature="tearDown()[pri:0, instance:tests.AddressBookAddMultipleAddressBookTest@21507a04]" started-at="2023-07-31T15:29:33 BRT" name="tearDown" finished-at="2023-07-31T15:29:33 BRT" duration-ms="66" status="PASS">
          <reporter-output>
          </reporter-output>
        </test-method> <!-- tearDown -->
      </class> <!-- tests.AddressBookAddMultipleAddressBookTest -->
      <class name="tests.AddressBookCheckAddressBookTest">
        <test-method is-config="true" signature="setUp(java.lang.String)[pri:0, instance:tests.AddressBookCheckAddressBookTest@258e2e41]" started-at="2023-07-31T15:29:25 BRT" name="setUp" finished-at="2023-07-31T15:29:25 BRT" duration-ms="134" status="PASS">
          <params>
            <param index="0">
              <value>
                <![CDATA[3000]]>
              </value>
            </param>
          </params>
          <reporter-output>
          </reporter-output>
        </test-method> <!-- setUp -->
        <test-method signature="testAddressBookCheckAddressBook()[pri:0, instance:tests.AddressBookCheckAddressBookTest@258e2e41]" started-at="2023-07-31T15:29:25 BRT" name="testAddressBookCheckAddressBook" finished-at="2023-07-31T15:29:25 BRT" duration-ms="249" status="PASS">
          <reporter-output>
          </reporter-output>
        </test-method> <!-- testAddressBookCheckAddressBook -->
        <test-method is-config="true" signature="tearDown()[pri:0, instance:tests.AddressBookCheckAddressBookTest@258e2e41]" started-at="2023-07-31T15:29:25 BRT" name="tearDown" finished-at="2023-07-31T15:29:25 BRT" duration-ms="65" status="PASS">
          <reporter-output>
          </reporter-output>
        </test-method> <!-- tearDown -->
      </class> <!-- tests.AddressBookCheckAddressBookTest -->
      <class name="tests.AddressBookCheckMultipleAddressBookTest">
        <test-method is-config="true" signature="setUp(java.lang.String)[pri:0, instance:tests.AddressBookCheckMultipleAddressBookTest@f2f2cc1]" started-at="2023-07-31T15:29:39 BRT" name="setUp" finished-at="2023-07-31T15:29:39 BRT" duration-ms="130" status="PASS">
          <params>
            <param index="0">
              <value>
                <![CDATA[3000]]>
              </value>
            </param>
          </params>
          <reporter-output>
          </reporter-output>
        </test-method> <!-- setUp -->
        <test-method signature="testAddressBookCheckMultipleAddressBook()[pri:0, instance:tests.AddressBookCheckMultipleAddressBookTest@f2f2cc1]" started-at="2023-07-31T15:29:39 BRT" name="testAddressBookCheckMultipleAddressBook" finished-at="2023-07-31T15:29:40 BRT" duration-ms="309" status="PASS">
          <reporter-output>
          </reporter-output>
        </test-method> <!-- testAddressBookCheckMultipleAddressBook -->
        <test-method is-config="true" signature="tearDown()[pri:0, instance:tests.AddressBookCheckMultipleAddressBookTest@f2f2cc1]" started-at="2023-07-31T15:29:40 BRT" name="tearDown" finished-at="2023-07-31T15:29:40 BRT" duration-ms="65" status="PASS">
          <reporter-output>
          </reporter-output>
        </test-method> <!-- tearDown -->
      </class> <!-- tests.AddressBookCheckMultipleAddressBookTest -->
    </test> <!-- Test -->
  </suite> <!-- Suite -->
</testng-results>
