<?xml version="1.0" encoding="UTF-8"?>
<!-- Generated by org.testng.reporters.JUnitXMLReporter -->
<testsuite ignored="0" hostname="pop-os" failures="0" tests="27" name="Test" time="33.699" errors="0" timestamp="2023-07-31T15:29:54 BRT">
  <testcase classname="tests.AddressBookAddAddressBookTest" name="testAddressBookAddAddressBook" time="0.933"/>
  <testcase classname="tests.AddressBookSearchAddressBookNameTest" name="testAddressBookSearchAddressBookName" time="0.327"/>
  <testcase classname="tests.AddressBookSearchAddressBookEmailTest" name="testAddressBookSearchAddressBookEmail" time="0.299"/>
  <testcase classname="tests.AddressBookAddGroupTest" name="testAddressBookAddGroup" time="0.558"/>
  <testcase classname="tests.AddressBookAssignToGroupTest" name="testAddressBookAssignToGroup" time="0.256"/>
  <testcase classname="tests.AddressBookSearchByGroupTest" name="testAddressBookSearchByGroup" time="0.304"/>
  <testcase classname="tests.AddressBookCheckBirthdayInfoTest" name="testAddressBookCheckBirthdayInfo" time="0.285"/>
  <testcase classname="tests.AddressBookCheckAddressBookTest" name="testAddressBookCheckAddressBook" time="0.249"/>
  <testcase classname="tests.AddressBookPrintAddressBookTest" name="testAddressBookPrintAddressBook" time="0.302"/>
  <testcase classname="tests.AddressBookEditAddressBookTest" name="testAddressBookEditAddressBook" time="0.468"/>
  <testcase classname="tests.AddressBookEditGroupTest" name="testAddressBookEditGroup" time="0.539"/>
  <testcase classname="tests.AddressBookRemoveFromGroupTest" name="testAddressBookRemoveFromGroup" time="0.334"/>
  <testcase classname="tests.AddressBookRemoveGroupTest" name="testAddressBookRemoveGroup" time="0.301"/>
  <testcase classname="tests.AddressBookRemoveAddressBookTest" name="testAddressBookRemoveAddressBook" time="1.314"/>
  <testcase classname="tests.AddressBookAddMultipleAddressBookTest" name="testAddressBookAddMultipleAddressBook" time="2.601"/>
  <testcase classname="tests.AddressBookSearchMultipleAddressBookNameTest" name="testAddressBookSearchMultipleAddressBookName" time="0.69"/>
  <testcase classname="tests.AddressBookAddMultipleGroupsTest" name="testAddressBookAddMultipleGroups" time="1.216"/>
  <testcase classname="tests.AddressBookAssignToMultipleGroupsTest" name="testAddressBookAssignToMultipleGroups" time="2.731"/>
  <testcase classname="tests.AddressBookSearchByMultipleGroupsTest" name="testAddressBookSearchByMultipleGroups" time="0.484"/>
  <testcase classname="tests.AddressBookCheckMultipleBirthdaysInfoTest" name="testAddressBookCheckMultipleBirthdaysInfo" time="0.448"/>
  <testcase classname="tests.AddressBookCheckMultipleAddressBookTest" name="testAddressBookCheckMultipleAddressBook" time="0.309"/>
  <testcase classname="tests.AddressBookPrintMultipleAddressBookTest" name="testAddressBookPrintMultipleAddressBook" time="0.478"/>
  <testcase classname="tests.AddressBookEditMultipleAddressBookTest" name="testAddressBookEditMultipleAddressBook" time="1.224"/>
  <testcase classname="tests.AddressBookEditMultipleGroupsTest" name="testAddressBookEditMultipleGroups" time="2.665"/>
  <testcase classname="tests.AddressBookRemoveFromMultipleGroupsTest" name="testAddressBookRemoveFromMultipleGroups" time="4.071"/>
  <testcase classname="tests.AddressBookRemoveMultipleGroupsTest" name="testAddressBookRemoveMultipleGroups" time="0.474"/>
  <testcase classname="tests.AddressBookRemoveMultipleAddressBookTest" name="testAddressBookRemoveMultipleAddressBook" time="3.713"/>
</testsuite> <!-- Test -->
