<?xml version="1.0" encoding="UTF-8"?>
<!-- Generated by org.testng.reporters.JUnitXMLReporter -->
<testsuite ignored="0" hostname="pop-os" failures="0" tests="23" name="Test" time="118.89" errors="0" timestamp="2023-07-31T15:39:36 BRT">
  <testcase classname="tests.PasswordManagerAddEntryTest" name="testPasswordManagerAddEntry" time="1.429"/>
  <testcase classname="tests.PasswordManagerSearchEntryByNameTest" name="testPasswordManagerSearchEntryByName" time="2.684"/>
  <testcase classname="tests.PasswordManagerSearchEntryByUsernameTest" name="testPasswordManagerSearchEntryByUsername" time="2.691"/>
  <testcase classname="tests.PasswordManagerSearchEntryByUrlTest" name="testPasswordManagerSearchEntryByUrl" time="2.693"/>
  <testcase classname="tests.PasswordManagerSearchEntryByTagsTest" name="testPasswordManagerSearchEntryByTags" time="4.98"/>
  <testcase classname="tests.PasswordManagerSearchEntryByCommentTest" name="testPasswordManagerSearchEntryByComment" time="2.763"/>
  <testcase classname="tests.PasswordManagerSearchEntryByTagListTest" name="testPasswordManagerSearchEntryByTagList" time="0.574"/>
  <testcase classname="tests.PasswordManagerEditEntryTest" name="testPasswordManagerEditEntry" time="4.718"/>
  <testcase classname="tests.PasswordManagerSearchTagsTest" name="testPasswordManagerSearchTags" time="2.677"/>
  <testcase classname="tests.PasswordManagerRemoveTagsTest" name="testPasswordManagerRemoveTags" time="0.715"/>
  <testcase classname="tests.PasswordManagerCheckEntryTagsRemovedTest" name="testPasswordManagerCheckEntryTagsRemoved" time="0.486"/>
  <testcase classname="tests.PasswordManagerRemoveEntryTest" name="testPasswordManagerRemoveEntry" time="0.538"/>
  <testcase classname="tests.PasswordManagerSearchEntryNegativeTest" name="testPasswordManagerSearchEntryNegative" time="2.635"/>
  <testcase classname="tests.PasswordManagerSearchTagNegativeTest" name="testPasswordManagerSearchTagNegative" time="2.76"/>
  <testcase classname="tests.PasswordManagerAddTagTest" name="testPasswordManagerAddTag" time="0.836"/>
  <testcase classname="tests.PasswordManagerEditTagTest" name="testPasswordManagerEditTag" time="0.698"/>
  <testcase classname="tests.PasswordManagerRemoveTagTest" name="testPasswordManagerRemoveTag" time="0.543"/>
  <testcase classname="tests.PasswordManagerAssignTagToEntryTest" name="testPasswordManagerAssignTagToEntry" time="12.865"/>
  <testcase classname="tests.PasswordManagerAddMultipleEntriesTest" name="testPasswordManagerAddMultipleEntries" time="25.256"/>
  <testcase classname="tests.PasswordManagerSearchMultipleEntriesTest" name="testPasswordManagerSearchMultipleEntries" time="12.615"/>
  <testcase classname="tests.PasswordManagerCheckUsedTagsTest" name="testPasswordManagerCheckUsedTags" time="10.884"/>
  <testcase classname="tests.PasswordManagerSearchAndRemoveMultipleTagsTest" name="testPasswordManagerSearchAndRemoveMultipleTags" time="7.515"/>
  <testcase classname="tests.PasswordManagerRemoveMultipleEntriesTest" name="testPasswordManagerRemoveMultipleEntries" time="5.601"/>
</testsuite> <!-- Test -->
