<?xml version="1.0" encoding="UTF-8"?>
<testsuite xmlns:xsi="http://www.w3.org/2001/XMLSchema-instance" xsi:noNamespaceSchemaLocation="https://maven.apache.org/surefire/maven-surefire-plugin/xsd/surefire-test-report-3.0.xsd" version="3.0" name="TestSuite" time="141.565" tests="40" errors="0" skipped="0" failures="0">
  <properties>
[...]
</properties>
  <testcase name="testCollabtiveAddProject[3000, 127.0.0.1](1)" classname="tests.AddProjectTest" time="7.338">
    <system-err><![CDATA[ChromeDriver was started successfully.
]]></system-err>
  </testcase>
  <testcase name="testCollabtiveEditProject[3000, 127.0.0.1](1)" classname="tests.EditProjectTest" time="2.983">
    <system-err><![CDATA[ChromeDriver was started successfully.
]]></system-err>
  </testcase>
  <testcase name="testCollabtiveSearchProject[3000, 127.0.0.1](1)" classname="tests.SearchProjectTest" time="1.687">
    <system-err><![CDATA[ChromeDriver was started successfully.
]]></system-err>
  </testcase>
  <testcase name="testCollabtiveCloseProject[3000, 127.0.0.1](1)" classname="tests.CloseProjectTest" time="1.781">
    <system-err><![CDATA[ChromeDriver was started successfully.
]]></system-err>
  </testcase>
  <testcase name="testCollabtiveSearchClosedProject[3000, 127.0.0.1](1)" classname="tests.SearchClosedProjectTest" time="1.584">
    <system-err><![CDATA[ChromeDriver was started successfully.
]]></system-err>
  </testcase>
  <testcase name="testCollabtiveOpenProject[3000, 127.0.0.1](1)" classname="tests.OpenProjectTest" time="1.867">
    <system-err><![CDATA[ChromeDriver was started successfully.
]]></system-err>
  </testcase>
  <testcase name="testCollabtiveAddRole[3000, 127.0.0.1](1)" classname="tests.AddRoleTest" time="6.171">
    <system-err><![CDATA[ChromeDriver was started successfully.
Adding newrole1
]]></system-err>
  </testcase>
  <testcase name="testCollabtiveEditRole[3000, 127.0.0.1](1)" classname="tests.EditRoleTest" time="1.901">
    <system-err><![CDATA[ChromeDriver was started successfully.
]]></system-err>
  </testcase>
  <testcase name="testCollabtiveAddUser[3000, 127.0.0.1](1)" classname="tests.AddUserTest" time="6.344">
    <system-err><![CDATA[ChromeDriver was started successfully.
]]></system-err>
  </testcase>
  <testcase name="testCollabtiveEditUserRole" classname="tests.EditUserRoleTest" time="10.408">
    <system-err><![CDATA[ChromeDriver was started successfully.
]]></system-err>
  </testcase>
  <testcase name="testCollabtiveLoginUser[3000, 127.0.0.1](1)" classname="tests.LoginUserTest" time="0.544">
    <system-err><![CDATA[ChromeDriver was started successfully.
]]></system-err>
  </testcase>
  <testcase name="testCollabtiveAssignUserToProject[3000, 127.0.0.1](1)" classname="tests.AssignUserToProjectTest" time="6.945">
    <system-err><![CDATA[ChromeDriver was started successfully.
]]></system-err>
  </testcase>
  <testcase name="testCollabtiveAddMilestone" classname="tests.AddMilestoneTest" time="2.227">
    <system-err><![CDATA[ChromeDriver was started successfully.
]]></system-err>
  </testcase>
  <testcase name="testCollabtiveEditMilestone" classname="tests.EditMilestoneTest" time="1.973">
    <system-err><![CDATA[ChromeDriver was started successfully.
]]></system-err>
  </testcase>
  <testcase name="testCollabtiveCloseMilestone" classname="tests.CloseMilestoneTest" time="2.888">
    <system-err><![CDATA[ChromeDriver was started successfully.
]]></system-err>
  </testcase>
  <testcase name="testCollabtiveOpenMilestone" classname="tests.OpenMilestoneTest" time="1.866">
    <system-err><![CDATA[ChromeDriver was started successfully.
]]></system-err>
  </testcase>
  <testcase name="testCollabtiveAddTasklist" classname="tests.AddTasklistTest" time="5.213">
    <system-err><![CDATA[ChromeDriver was started successfully.
]]></system-err>
  </testcase>
  <testcase name="testCollabtiveCloseTasklist" classname="tests.CloseTasklistTest" time="2.064">
    <system-err><![CDATA[ChromeDriver was started successfully.
]]></system-err>
  </testcase>
  <testcase name="testCollabtiveOpenTasklist" classname="tests.OpenTasklistTest" time="0.769">
    <system-err><![CDATA[ChromeDriver was started successfully.
]]></system-err>
  </testcase>
  <testcase name="testCollabtiveAddAndRemoveMultipleTasks" classname="tests.AddAndRemoveMultipleTasksTest" time="6.722">
    <system-err><![CDATA[ChromeDriver was started successfully.
]]></system-err>
  </testcase>
  <testcase name="testCollabtiveAddTaskDesktopPresent" classname="tests.AddTaskDesktopPresentTest" time="2.259">
    <system-err><![CDATA[ChromeDriver was started successfully.
]]></system-err>
  </testcase>
  <testcase name="testCollabtiveRemoveTaskDesktopNotPresent" classname="tests.RemoveTaskDesktopNotPresentTest" time="1.088">
    <system-err><![CDATA[ChromeDriver was started successfully.
]]></system-err>
  </testcase>
  <testcase name="testCollabtiveAddTasks" classname="tests.AddTasksTest" time="3.261">
    <system-err><![CDATA[ChromeDriver was started successfully.
]]></system-err>
  </testcase>
  <testcase name="testCollabtiveCloseTasks" classname="tests.CloseTasksTest" time="1.933">
    <system-err><![CDATA[ChromeDriver was started successfully.
]]></system-err>
  </testcase>
  <testcase name="testCollabtiveOpenTasks" classname="tests.OpenTasksTest" time="2.82">
    <system-err><![CDATA[ChromeDriver was started successfully.
]]></system-err>
  </testcase>
  <testcase name="testCollabtiveCloseTasksProjectPercentage" classname="tests.CloseTasksProjectPercentageTest" time="2.154">
    <system-err><![CDATA[ChromeDriver was started successfully.
]]></system-err>
  </testcase>
  <testcase name="testCollabtiveOpenTasksProjectPercentage" classname="tests.OpenTasksProjectPercentageTest" time="3.217">
    <system-err><![CDATA[ChromeDriver was started successfully.
]]></system-err>
  </testcase>
  <testcase name="testCollabtiveAddUserAlreadyPresent" classname="tests.AddUserAlreadyPresentTest" time="2.972">
    <system-err><![CDATA[ChromeDriver was started successfully.
]]></system-err>
  </testcase>
  <testcase name="testCollabtiveAddUserEmptyValues" classname="tests.AddUserEmptyValuesTest" time="2.012">
    <system-err><![CDATA[ChromeDriver was started successfully.
]]></system-err>
  </testcase>
  <testcase name="testCollabtiveAddAndRemoveLateMilestone" classname="tests.AddAndRemoveLateMilestoneTest" time="5.464">
    <system-err><![CDATA[ChromeDriver was started successfully.
]]></system-err>
  </testcase>
  <testcase name="testCollabtiveAddMultipleProjects" classname="tests.AddMultipleProjectsTest" time="5.396">
    <system-err><![CDATA[ChromeDriver was started successfully.
]]></system-err>
  </testcase>
  <testcase name="testCollabtiveSearchMultipleProjects" classname="tests.SearchMultipleProjectsTest" time="0.609">
    <system-err><![CDATA[ChromeDriver was started successfully.
]]></system-err>
  </testcase>
  <testcase name="testCollabtiveRemoveMultipleProjects" classname="tests.RemoveMultipleProjectsTest" time="5.211">
    <system-err><![CDATA[ChromeDriver was started successfully.
]]></system-err>
  </testcase>
  <testcase name="testCollabtiveRemoveUserFromProject" classname="tests.RemoveUserFromProjectTest" time="5.746">
    <system-err><![CDATA[ChromeDriver was started successfully.
]]></system-err>
  </testcase>
  <testcase name="testCollabtiveRemoveTasks" classname="tests.RemoveTasksTest" time="1.361">
    <system-err><![CDATA[ChromeDriver was started successfully.
]]></system-err>
  </testcase>
  <testcase name="testCollabtiveRemoveTasklist" classname="tests.RemoveTasklistTest" time="1.025">
    <system-err><![CDATA[ChromeDriver was started successfully.
]]></system-err>
  </testcase>
  <testcase name="testCollabtiveRemoveMilestone" classname="tests.RemoveMilestoneTest" time="2.598">
    <system-err><![CDATA[ChromeDriver was started successfully.
]]></system-err>
  </testcase>
  <testcase name="testCollabtiveRemoveRole" classname="tests.RemoveRoleTest" time="1.943">
    <system-err><![CDATA[ChromeDriver was started successfully.
]]></system-err>
  </testcase>
  <testcase name="testCollabtiveRemoveUser" classname="tests.RemoveUserTest" time="5.503">
    <system-err><![CDATA[ChromeDriver was started successfully.
]]></system-err>
  </testcase>
  <testcase name="testCollabtiveRemoveProject" classname="tests.RemoveProjectTest" time="0.794">
    <system-err><![CDATA[ChromeDriver was started successfully.
]]></system-err>
  </testcase>
</testsuite>