<?xml version="1.0" encoding="UTF-8"?>
<testsuite xmlns:xsi="http://www.w3.org/2001/XMLSchema-instance" xsi:noNamespaceSchemaLocation="https://maven.apache.org/surefire/maven-surefire-plugin/xsd/surefire-test-report-3.0.xsd" version="3.0" name="TestSuite" time="119.347" tests="23" errors="0" skipped="0" failures="0">
  <properties>
[...]
</properties>
  <testcase name="testPasswordManagerAddEntry[3000, 127.0.0.1](1)" classname="tests.PasswordManagerAddEntryTest" time="1.43">
    <system-out><![CDATA[Host: 127.0.0.1, port: 3000, browserPort: 4445
]]></system-out>
    <system-err><![CDATA[ChromeDriver was started successfully.
]]></system-err>
  </testcase>
  <testcase name="testPasswordManagerSearchEntryByName[3000, 127.0.0.1](1)" classname="tests.PasswordManagerSearchEntryByNameTest" time="2.684">
    <system-err><![CDATA[ChromeDriver was started successfully.
]]></system-err>
  </testcase>
  <testcase name="testPasswordManagerSearchEntryByUsername[3000, 127.0.0.1](1)" classname="tests.PasswordManagerSearchEntryByUsernameTest" time="2.691">
    <system-err><![CDATA[ChromeDriver was started successfully.
]]></system-err>
  </testcase>
  <testcase name="testPasswordManagerSearchEntryByUrl[3000, 127.0.0.1](1)" classname="tests.PasswordManagerSearchEntryByUrlTest" time="2.693">
    <system-err><![CDATA[ChromeDriver was started successfully.
]]></system-err>
  </testcase>
  <testcase name="testPasswordManagerSearchEntryByTags[3000, 127.0.0.1](1)" classname="tests.PasswordManagerSearchEntryByTagsTest" time="4.98">
    <system-err><![CDATA[ChromeDriver was started successfully.
]]></system-err>
  </testcase>
  <testcase name="testPasswordManagerSearchEntryByComment[3000, 127.0.0.1](1)" classname="tests.PasswordManagerSearchEntryByCommentTest" time="2.764">
    <system-err><![CDATA[ChromeDriver was started successfully.
]]></system-err>
  </testcase>
  <testcase name="testPasswordManagerSearchEntryByTagList[3000, 127.0.0.1](1)" classname="tests.PasswordManagerSearchEntryByTagListTest" time="0.573">
    <system-err><![CDATA[ChromeDriver was started successfully.
]]></system-err>
  </testcase>
  <testcase name="testPasswordManagerEditEntry[3000, 127.0.0.1](1)" classname="tests.PasswordManagerEditEntryTest" time="4.718">
    <system-err><![CDATA[ChromeDriver was started successfully.
]]></system-err>
  </testcase>
  <testcase name="testPasswordManagerSearchTags[3000, 127.0.0.1](1)" classname="tests.PasswordManagerSearchTagsTest" time="2.677">
    <system-err><![CDATA[ChromeDriver was started successfully.
]]></system-err>
  </testcase>
  <testcase name="testPasswordManagerRemoveTags" classname="tests.PasswordManagerRemoveTagsTest" time="0.714">
    <system-err><![CDATA[ChromeDriver was started successfully.
]]></system-err>
  </testcase>
  <testcase name="testPasswordManagerCheckEntryTagsRemoved" classname="tests.PasswordManagerCheckEntryTagsRemovedTest" time="0.487">
    <system-err><![CDATA[ChromeDriver was started successfully.
]]></system-err>
  </testcase>
  <testcase name="testPasswordManagerRemoveEntry" classname="tests.PasswordManagerRemoveEntryTest" time="0.538">
    <system-err><![CDATA[ChromeDriver was started successfully.
]]></system-err>
  </testcase>
  <testcase name="testPasswordManagerSearchEntryNegative" classname="tests.PasswordManagerSearchEntryNegativeTest" time="2.636">
    <system-err><![CDATA[ChromeDriver was started successfully.
]]></system-err>
  </testcase>
  <testcase name="testPasswordManagerSearchTagNegative" classname="tests.PasswordManagerSearchTagNegativeTest" time="2.761">
    <system-err><![CDATA[ChromeDriver was started successfully.
]]></system-err>
  </testcase>
  <testcase name="testPasswordManagerAddTag[3000, 127.0.0.1](1)" classname="tests.PasswordManagerAddTagTest" time="0.837">
    <system-err><![CDATA[ChromeDriver was started successfully.
]]></system-err>
  </testcase>
  <testcase name="testPasswordManagerEditTag[3000, 127.0.0.1](1)" classname="tests.PasswordManagerEditTagTest" time="0.699">
    <system-err><![CDATA[ChromeDriver was started successfully.
]]></system-err>
  </testcase>
  <testcase name="testPasswordManagerRemoveTag" classname="tests.PasswordManagerRemoveTagTest" time="0.544">
    <system-err><![CDATA[ChromeDriver was started successfully.
]]></system-err>
  </testcase>
  <testcase name="testPasswordManagerAssignTagToEntry[3000, 127.0.0.1](1)" classname="tests.PasswordManagerAssignTagToEntryTest" time="12.866">
    <system-err><![CDATA[ChromeDriver was started successfully.
]]></system-err>
  </testcase>
  <testcase name="testPasswordManagerAddMultipleEntries" classname="tests.PasswordManagerAddMultipleEntriesTest" time="25.256">
    <system-err><![CDATA[ChromeDriver was started successfully.
]]></system-err>
  </testcase>
  <testcase name="testPasswordManagerSearchMultipleEntries" classname="tests.PasswordManagerSearchMultipleEntriesTest" time="12.616">
    <system-err><![CDATA[ChromeDriver was started successfully.
]]></system-err>
  </testcase>
  <testcase name="testPasswordManagerCheckUsedTags" classname="tests.PasswordManagerCheckUsedTagsTest" time="10.884">
    <system-err><![CDATA[ChromeDriver was started successfully.
]]></system-err>
  </testcase>
  <testcase name="testPasswordManagerSearchAndRemoveMultipleTags" classname="tests.PasswordManagerSearchAndRemoveMultipleTagsTest" time="7.514">
    <system-err><![CDATA[ChromeDriver was started successfully.
]]></system-err>
  </testcase>
  <testcase name="testPasswordManagerRemoveMultipleEntries" classname="tests.PasswordManagerRemoveMultipleEntriesTest" time="5.6">
    <system-err><![CDATA[ChromeDriver was started successfully.
]]></system-err>
  </testcase>
</testsuite>