<?xml version="1.0" encoding="UTF-8"?>
<!-- Generated by org.testng.reporters.JUnitXMLReporter -->
<testsuite ignored="0" hostname="pop-os" failures="0" tests="40" name="Test" time="141.029" errors="0" timestamp="2023-07-31T15:17:17 BRT">
  <testcase classname="tests.AddProjectTest" name="testCollabtiveAddProject" time="7.335"/>
  <testcase classname="tests.EditProjectTest" name="testCollabtiveEditProject" time="2.984"/>
  <testcase classname="tests.SearchProjectTest" name="testCollabtiveSearchProject" time="1.688"/>
  <testcase classname="tests.CloseProjectTest" name="testCollabtiveCloseProject" time="1.78"/>
  <testcase classname="tests.SearchClosedProjectTest" name="testCollabtiveSearchClosedProject" time="1.584"/>
  <testcase classname="tests.OpenProjectTest" name="testCollabtiveOpenProject" time="1.867"/>
  <testcase classname="tests.AddRoleTest" name="testCollabtiveAddRole" time="6.17"/>
  <testcase classname="tests.EditRoleTest" name="testCollabtiveEditRole" time="1.902"/>
  <testcase classname="tests.AddUserTest" name="testCollabtiveAddUser" time="6.343"/>
  <testcase classname="tests.EditUserRoleTest" name="testCollabtiveEditUserRole" time="10.408"/>
  <testcase classname="tests.LoginUserTest" name="testCollabtiveLoginUser" time="0.544"/>
  <testcase classname="tests.AssignUserToProjectTest" name="testCollabtiveAssignUserToProject" time="6.945"/>
  <testcase classname="tests.AddMilestoneTest" name="testCollabtiveAddMilestone" time="2.226"/>
  <testcase classname="tests.EditMilestoneTest" name="testCollabtiveEditMilestone" time="1.972"/>
  <testcase classname="tests.CloseMilestoneTest" name="testCollabtiveCloseMilestone" time="2.888"/>
  <testcase classname="tests.OpenMilestoneTest" name="testCollabtiveOpenMilestone" time="1.865"/>
  <testcase classname="tests.AddTasklistTest" name="testCollabtiveAddTasklist" time="5.213"/>
  <testcase classname="tests.CloseTasklistTest" name="testCollabtiveCloseTasklist" time="2.064"/>
  <testcase classname="tests.OpenTasklistTest" name="testCollabtiveOpenTasklist" time="0.769"/>
  <testcase classname="tests.AddAndRemoveMultipleTasksTest" name="testCollabtiveAddAndRemoveMultipleTasks" time="6.723"/>
  <testcase classname="tests.AddTaskDesktopPresentTest" name="testCollabtiveAddTaskDesktopPresent" time="2.259"/>
  <testcase classname="tests.RemoveTaskDesktopNotPresentTest" name="testCollabtiveRemoveTaskDesktopNotPresent" time="1.088"/>
  <testcase classname="tests.AddTasksTest" name="testCollabtiveAddTasks" time="3.261"/>
  <testcase classname="tests.CloseTasksTest" name="testCollabtiveCloseTasks" time="1.934"/>
  <testcase classname="tests.OpenTasksTest" name="testCollabtiveOpenTasks" time="2.821"/>
  <testcase classname="tests.CloseTasksProjectPercentageTest" name="testCollabtiveCloseTasksProjectPercentage" time="2.154"/>
  <testcase classname="tests.OpenTasksProjectPercentageTest" name="testCollabtiveOpenTasksProjectPercentage" time="3.217"/>
  <testcase classname="tests.AddUserAlreadyPresentTest" name="testCollabtiveAddUserAlreadyPresent" time="2.971"/>
  <testcase classname="tests.AddUserEmptyValuesTest" name="testCollabtiveAddUserEmptyValues" time="2.012"/>
  <testcase classname="tests.AddAndRemoveLateMilestoneTest" name="testCollabtiveAddAndRemoveLateMilestone" time="5.464"/>
  <testcase classname="tests.AddMultipleProjectsTest" name="testCollabtiveAddMultipleProjects" time="5.396"/>
  <testcase classname="tests.SearchMultipleProjectsTest" name="testCollabtiveSearchMultipleProjects" time="0.61"/>
  <testcase classname="tests.RemoveMultipleProjectsTest" name="testCollabtiveRemoveMultipleProjects" time="5.212"/>
  <testcase classname="tests.RemoveUserFromProjectTest" name="testCollabtiveRemoveUserFromProject" time="5.747"/>
  <testcase classname="tests.RemoveTasksTest" name="testCollabtiveRemoveTasks" time="1.361"/>
  <testcase classname="tests.RemoveTasklistTest" name="testCollabtiveRemoveTasklist" time="1.026"/>
  <testcase classname="tests.RemoveMilestoneTest" name="testCollabtiveRemoveMilestone" time="2.597"/>
  <testcase classname="tests.RemoveRoleTest" name="testCollabtiveRemoveRole" time="1.943"/>
  <testcase classname="tests.RemoveUserTest" name="testCollabtiveRemoveUser" time="5.504"/>
  <testcase classname="tests.RemoveProjectTest" name="testCollabtiveRemoveProject" time="0.793"/>
</testsuite> <!-- Test -->
